Using pre-set license
Built from '2020.3/release' branch; Version is '2020.3.12f1 (b3b2c6512326) revision 11776710'; Using compiler version '192528614'; Build Type 'Release'
OS: 'Windows 10 Home; OS build 19043.1645; Version 2009; 64bit' Language: 'en' Physical Memory: 32716 MB
BatchMode: 1, IsHumanControllingUs: 0, StartBugReporterOnCrash: 0, Is64bit: 1, IsPro: 0

 COMMAND LINE ARGUMENTS:
C:\Program Files\Unity\Hub\Editor\2020.3.12f1\Editor\Unity.exe
-adb2
-batchMode
-noUpm
-name
AssetImportWorker0
-projectPath
C:/Users/Alexander/Desktop/falmouth/gam704/Unity-3d-TopDownMovement-master/ExperimentalGame
-logFile
Logs/AssetImportWorker0.log
-srvPort
63703
Successfully changed project path to: C:/Users/Alexander/Desktop/falmouth/gam704/Unity-3d-TopDownMovement-master/ExperimentalGame
C:/Users/Alexander/Desktop/falmouth/gam704/Unity-3d-TopDownMovement-master/ExperimentalGame
Using Asset Import Pipeline V2.
Refreshing native plugins compatible for Editor in 51.60 ms, found 2 plugins.
Preloading 0 native plugins for Editor in 0.00 ms.
Initialize engine version: 2020.3.12f1 (b3b2c6512326)
[Subsystems] Discovering subsystems at path C:/Program Files/Unity/Hub/Editor/2020.3.12f1/Editor/Data/Resources/UnitySubsystems
[Subsystems] Discovering subsystems at path C:/Users/Alexander/Desktop/falmouth/gam704/Unity-3d-TopDownMovement-master/ExperimentalGame/Assets
GfxDevice: creating device client; threaded=0
Direct3D:
    Version:  Direct3D 11.0 [level 11.1]
    Renderer: NVIDIA GeForce RTX 3070 (ID=0x2488)
    Vendor:   
    VRAM:     8043 MB
    Driver:   30.0.15.1215
Initialize mono
Mono path[0] = 'C:/Program Files/Unity/Hub/Editor/2020.3.12f1/Editor/Data/Managed'
Mono path[1] = 'C:/Program Files/Unity/Hub/Editor/2020.3.12f1/Editor/Data/MonoBleedingEdge/lib/mono/unityjit'
Mono config path = 'C:/Program Files/Unity/Hub/Editor/2020.3.12f1/Editor/Data/MonoBleedingEdge/etc'
Using monoOptions --debugger-agent=transport=dt_socket,embedding=1,server=y,suspend=n,address=127.0.0.1:56484
Begin MonoManager ReloadAssembly
Registering precompiled unity dll's ...
Register platform support module: C:/Program Files/Unity/Hub/Editor/2020.3.12f1/Editor/Data/PlaybackEngines/WindowsStandaloneSupport/UnityEditor.WindowsStandalone.Extensions.dll
Registered in 0.004856 seconds.
Native extension for WindowsStandalone target not found
Refreshing native plugins compatible for Editor in 48.07 ms, found 2 plugins.
Preloading 0 native plugins for Editor in 0.00 ms.
Mono: successfully reloaded assembly
- Completed reload, in  1.613 seconds
Platform modules already initialized, skipping
Registering precompiled user dll's ...
Registered in 0.007429 seconds.
Begin MonoManager ReloadAssembly
Native extension for WindowsStandalone target not found
Refreshing native plugins compatible for Editor in 49.13 ms, found 2 plugins.
Preloading 0 native plugins for Editor in 0.00 ms.
Mono: successfully reloaded assembly
- Completed reload, in  1.510 seconds
Platform modules already initialized, skipping
========================================================================
Worker process is ready to serve import requests
Launched and connected shader compiler UnityShaderCompiler.exe after 0.04 seconds
Refreshing native plugins compatible for Editor in 0.76 ms, found 2 plugins.
Preloading 0 native plugins for Editor in 0.00 ms.
Unloading 1773 Unused Serialized files (Serialized files now loaded: 0)
System memory in use before: 159.3 MB.
System memory in use after: 159.2 MB.

Unloading 30 unused Assets to reduce memory usage. Loaded Objects now: 2246.
Total: 4.597600 ms (FindLiveObjects: 0.493100 ms CreateObjectMapping: 0.227700 ms MarkObjects: 3.573000 ms  DeleteObjects: 0.302600 ms)

AssetImportParameters requested are different than current active one (requested -> active):
  custom:framework-win-MediaFoundation: 216162199b28c13a410421893ffa2e32 -> 
  custom:video-decoder-ogg-theora: a1e56fd34408186e4bbccfd4996cb3dc -> 
  custom:container-muxer-webm: aa71ff27fc2769a1b78a27578f13a17b -> 
  custom:container-demuxer-webm: 4f35f7cbe854078d1ac9338744f61a02 -> 
  custom:container-demuxer-ogg: 62fdf1f143b41e24485cea50d1cbac27 -> 
  custom:video-encoder-webm-vp8: eb34c28f22e8b96e1ab97ce403110664 -> 
  custom:video-codec-MediaFoundation-h265: 746d11721c4dcdbdad8f713fa42b33f4 -> 
  custom:video-decoder-webm-vp8: 9c59270c3fd7afecdb556c50c9e8de78 -> 
  custom:audio-decoder-ogg-vorbis: bf7c407c2cedff20999df2af8eb42d56 -> 
  custom:audio-encoder-webm-vorbis: bf7c407c2cedff20999df2af8eb42d56 -> 
========================================================================
Received Import Request.
  path: Assets/Prefabs/Food 1.prefab
  artifactKey: Guid(dc6f0f0bace0757429183c8c14506f89) Importer(815301076,1909f56bfc062723c751e8b465ee728b)
Start importing Assets/Prefabs/Food 1.prefab using Guid(dc6f0f0bace0757429183c8c14506f89) Importer(815301076,1909f56bfc062723c751e8b465ee728b)  -> (artifact id: '4da50d2d1e9d2df6bdc4a57ffa6d1ff6') in 0.055730 seconds 
  Import took 0.059680 seconds .

========================================================================
Received Import Request.
  Time since last request: 8.320802 seconds.
  path: Assets/Prefabs/FoodOld.prefab
  artifactKey: Guid(4ae9cb4f321892f48a219a2c4383dc85) Importer(815301076,1909f56bfc062723c751e8b465ee728b)
Start importing Assets/Prefabs/FoodOld.prefab using Guid(4ae9cb4f321892f48a219a2c4383dc85) Importer(815301076,1909f56bfc062723c751e8b465ee728b)  -> (artifact id: '87e848bb70c20518fd48a199d2ae7ec5') in 0.071871 seconds 
  Import took 0.075207 seconds .

========================================================================
Received Import Request.
  Time since last request: 7.853611 seconds.
  path: Assets/Prefabs/Food.prefab
  artifactKey: Guid(dc6f0f0bace0757429183c8c14506f89) Importer(815301076,1909f56bfc062723c751e8b465ee728b)
Start importing Assets/Prefabs/Food.prefab using Guid(dc6f0f0bace0757429183c8c14506f89) Importer(815301076,1909f56bfc062723c751e8b465ee728b)  -> (artifact id: 'f7a9ffc5d5ff180de3f9edb6aec13511') in 0.005749 seconds 
  Import took 0.009286 seconds .

========================================================================
Received Prepare
Registering precompiled user dll's ...
Registered in 0.011836 seconds.
Begin MonoManager ReloadAssembly
Native extension for WindowsStandalone target not found
Refreshing native plugins compatible for Editor in 0.67 ms, found 2 plugins.
Preloading 0 native plugins for Editor in 0.00 ms.
Mono: successfully reloaded assembly
- Completed reload, in  1.566 seconds
Platform modules already initialized, skipping
Refreshing native plugins compatible for Editor in 1.34 ms, found 2 plugins.
Preloading 0 native plugins for Editor in 0.00 ms.
Unloading 1714 Unused Serialized files (Serialized files now loaded: 0)
System memory in use before: 157.1 MB.
System memory in use after: 157.0 MB.

Unloading 16 unused Assets to reduce memory usage. Loaded Objects now: 2256.
Total: 2.551900 ms (FindLiveObjects: 0.276200 ms CreateObjectMapping: 0.064500 ms MarkObjects: 1.983000 ms  DeleteObjects: 0.226900 ms)

AssetImportParameters requested are different than current active one (requested -> active):
  custom:framework-win-MediaFoundation: 216162199b28c13a410421893ffa2e32 -> 
  custom:video-decoder-ogg-theora: a1e56fd34408186e4bbccfd4996cb3dc -> 
  custom:container-muxer-webm: aa71ff27fc2769a1b78a27578f13a17b -> 
  custom:container-demuxer-webm: 4f35f7cbe854078d1ac9338744f61a02 -> 
  custom:container-demuxer-ogg: 62fdf1f143b41e24485cea50d1cbac27 -> 
  custom:video-encoder-webm-vp8: eb34c28f22e8b96e1ab97ce403110664 -> 
  custom:video-codec-MediaFoundation-h265: 746d11721c4dcdbdad8f713fa42b33f4 -> 
  custom:video-decoder-webm-vp8: 9c59270c3fd7afecdb556c50c9e8de78 -> 
  custom:audio-decoder-ogg-vorbis: bf7c407c2cedff20999df2af8eb42d56 -> 
  custom:audio-encoder-webm-vorbis: bf7c407c2cedff20999df2af8eb42d56 -> 
========================================================================
Received Import Request.
  Time since last request: 269.958668 seconds.
  path: Assets/Prefabs/Food Variant.prefab
  artifactKey: Guid(be26a0bbdffd73543a265c6e191d1343) Importer(815301076,1909f56bfc062723c751e8b465ee728b)
Start importing Assets/Prefabs/Food Variant.prefab using Guid(be26a0bbdffd73543a265c6e191d1343) Importer(815301076,1909f56bfc062723c751e8b465ee728b)  -> (artifact id: '33a8585eb8f7339b42d607c41a03f0a7') in 0.076357 seconds 
  Import took 0.080116 seconds .

========================================================================
Received Import Request.
  Time since last request: 175.649946 seconds.
  path: Assets/Prefabs/Food Variant 1.prefab
  artifactKey: Guid(bf9d4799bb7e98544b609c13403984bc) Importer(815301076,1909f56bfc062723c751e8b465ee728b)
Start importing Assets/Prefabs/Food Variant 1.prefab using Guid(bf9d4799bb7e98544b609c13403984bc) Importer(815301076,1909f56bfc062723c751e8b465ee728b)  -> (artifact id: '02b5cafefa12512a08a2e70584076294') in 0.018641 seconds 
  Import took 0.022375 seconds .

========================================================================
Received Import Request.
  Time since last request: 23.384779 seconds.
  path: Assets/Prefabs/Food Variant 1.prefab
  artifactKey: Guid(bf9d4799bb7e98544b609c13403984bc) Importer(815301076,1909f56bfc062723c751e8b465ee728b)
Start importing Assets/Prefabs/Food Variant 1.prefab using Guid(bf9d4799bb7e98544b609c13403984bc) Importer(815301076,1909f56bfc062723c751e8b465ee728b)  -> (artifact id: '4b2bfe6820bb16170847c53c3322a1e2') in 0.019488 seconds 
  Import took 0.023822 seconds .

========================================================================
Received Import Request.
  Time since last request: 3.542462 seconds.
  path: Assets/Prefabs/Food Variant.prefab
  artifactKey: Guid(be26a0bbdffd73543a265c6e191d1343) Importer(815301076,1909f56bfc062723c751e8b465ee728b)
Start importing Assets/Prefabs/Food Variant.prefab using Guid(be26a0bbdffd73543a265c6e191d1343) Importer(815301076,1909f56bfc062723c751e8b465ee728b)  -> (artifact id: '11ef2148a21c07de41bf9f5882c11223') in 0.016141 seconds 
  Import took 0.020308 seconds .

========================================================================
Received Import Request.
  Time since last request: 0.004541 seconds.
  path: Assets/Prefabs/Food Variant.prefab
  artifactKey: Guid(be26a0bbdffd73543a265c6e191d1343) Importer(815301076,1909f56bfc062723c751e8b465ee728b)
Start importing Assets/Prefabs/Food Variant.prefab using Guid(be26a0bbdffd73543a265c6e191d1343) Importer(815301076,1909f56bfc062723c751e8b465ee728b)  -> (artifact id: '11ef2148a21c07de41bf9f5882c11223') in 0.015804 seconds 
  Import took 0.019755 seconds .

========================================================================
Received Import Request.
  Time since last request: 3.535132 seconds.
  path: Assets/Prefabs/Food Variant.prefab
  artifactKey: Guid(be26a0bbdffd73543a265c6e191d1343) Importer(815301076,1909f56bfc062723c751e8b465ee728b)
Start importing Assets/Prefabs/Food Variant.prefab using Guid(be26a0bbdffd73543a265c6e191d1343) Importer(815301076,1909f56bfc062723c751e8b465ee728b)  -> (artifact id: '5ef688d6277ff291722ea2ceb249c95b') in 0.014789 seconds 
  Import took 0.018511 seconds .

========================================================================
Received Import Request.
  Time since last request: 41.863924 seconds.
  path: Assets/Prefabs/Food Variant 2.prefab
  artifactKey: Guid(52043acc8753c8a459ad59842299c6e9) Importer(815301076,1909f56bfc062723c751e8b465ee728b)
Start importing Assets/Prefabs/Food Variant 2.prefab using Guid(52043acc8753c8a459ad59842299c6e9) Importer(815301076,1909f56bfc062723c751e8b465ee728b)  -> (artifact id: '60f16da60a0ebe26b34a5e385bed0606') in 0.016919 seconds 
  Import took 0.020269 seconds .

========================================================================
Received Import Request.
  Time since last request: 37.751992 seconds.
  path: Assets/Prefabs/Food Variant 3.prefab
  artifactKey: Guid(48819c1bc9ad8e940a229f27fab96d25) Importer(815301076,1909f56bfc062723c751e8b465ee728b)
Start importing Assets/Prefabs/Food Variant 3.prefab using Guid(48819c1bc9ad8e940a229f27fab96d25) Importer(815301076,1909f56bfc062723c751e8b465ee728b)  -> (artifact id: 'd4684b028fcb96d192341068c2676f74') in 0.016004 seconds 
  Import took 0.019989 seconds .

========================================================================
Received Import Request.
  Time since last request: 46.437395 seconds.
  path: Assets/Prefabs/Food Variant 4.prefab
  artifactKey: Guid(c97d9f2ebe244404dbf58832891b4170) Importer(815301076,1909f56bfc062723c751e8b465ee728b)
Start importing Assets/Prefabs/Food Variant 4.prefab using Guid(c97d9f2ebe244404dbf58832891b4170) Importer(815301076,1909f56bfc062723c751e8b465ee728b)  -> (artifact id: '67a748bf92cc3884b0f718fee00a862c') in 0.016144 seconds 
  Import took 0.020238 seconds .

========================================================================
Received Import Request.
  Time since last request: 71.419219 seconds.
  path: Assets/Prefabs/Food Variant 5.prefab
  artifactKey: Guid(40a563a45b788e84385fb9e2c5f0f7e7) Importer(815301076,1909f56bfc062723c751e8b465ee728b)
Start importing Assets/Prefabs/Food Variant 5.prefab using Guid(40a563a45b788e84385fb9e2c5f0f7e7) Importer(815301076,1909f56bfc062723c751e8b465ee728b)  -> (artifact id: 'ef93f9b3609cfc7e4bd71dc26a5cb323') in 0.016233 seconds 
  Import took 0.020490 seconds .

========================================================================
Received Import Request.
  Time since last request: 65.404230 seconds.
  path: Assets/Prefabs/Food Variant 6.prefab
  artifactKey: Guid(f5f03cae68141cf4ab40fe9ffa8efacf) Importer(815301076,1909f56bfc062723c751e8b465ee728b)
Start importing Assets/Prefabs/Food Variant 6.prefab using Guid(f5f03cae68141cf4ab40fe9ffa8efacf) Importer(815301076,1909f56bfc062723c751e8b465ee728b)  -> (artifact id: '204b0f40220be6e5c8a1854f41dad939') in 0.015983 seconds 
  Import took 0.019662 seconds .

========================================================================
Received Import Request.
  Time since last request: 32.334789 seconds.
  path: Assets/Prefabs/Food Variant 7.prefab
  artifactKey: Guid(4cc64149109ebf1478c4cbdf4170bbbe) Importer(815301076,1909f56bfc062723c751e8b465ee728b)
Start importing Assets/Prefabs/Food Variant 7.prefab using Guid(4cc64149109ebf1478c4cbdf4170bbbe) Importer(815301076,1909f56bfc062723c751e8b465ee728b)  -> (artifact id: '2e3a181ad63cadd597f83117eb1d1282') in 0.017457 seconds 
  Import took 0.021480 seconds .

========================================================================
Received Import Request.
  Time since last request: 149.660058 seconds.
  path: Assets/Prefabs/Food Variant 8.prefab
  artifactKey: Guid(c7942284108a35644a21ddd3c30c4019) Importer(815301076,1909f56bfc062723c751e8b465ee728b)
Start importing Assets/Prefabs/Food Variant 8.prefab using Guid(c7942284108a35644a21ddd3c30c4019) Importer(815301076,1909f56bfc062723c751e8b465ee728b)  -> (artifact id: 'c4f7f1e42d7415f1d7367d12be935339') in 0.018258 seconds 
  Import took 0.023310 seconds .

========================================================================
Received Import Request.
  Time since last request: 8.690287 seconds.
  path: Assets/Prefabs/Food Variant 8.prefab
  artifactKey: Guid(c7942284108a35644a21ddd3c30c4019) Importer(815301076,1909f56bfc062723c751e8b465ee728b)
Start importing Assets/Prefabs/Food Variant 8.prefab using Guid(c7942284108a35644a21ddd3c30c4019) Importer(815301076,1909f56bfc062723c751e8b465ee728b)  -> (artifact id: '657a361306bf4c19256ce09d9ec3b21d') in 0.016278 seconds 
  Import took 0.020138 seconds .

========================================================================
Received Import Request.
  Time since last request: 85.901833 seconds.
  path: Assets/Prefabs/Food Variant 9.prefab
  artifactKey: Guid(4dd640d688859bc469ef5effe5f742bd) Importer(815301076,1909f56bfc062723c751e8b465ee728b)
Start importing Assets/Prefabs/Food Variant 9.prefab using Guid(4dd640d688859bc469ef5effe5f742bd) Importer(815301076,1909f56bfc062723c751e8b465ee728b)  -> (artifact id: '21f86e8a6738c39e494f37a3db1b91bb') in 0.016735 seconds 
  Import took 0.021310 seconds .

========================================================================
Received Import Request.
  Time since last request: 120.123085 seconds.
  path: Assets/Prefabs/Food Variant 10.prefab
  artifactKey: Guid(27f831f132ec1dc4c83219bda7811aaf) Importer(815301076,1909f56bfc062723c751e8b465ee728b)
Start importing Assets/Prefabs/Food Variant 10.prefab using Guid(27f831f132ec1dc4c83219bda7811aaf) Importer(815301076,1909f56bfc062723c751e8b465ee728b)  -> (artifact id: 'a67ea233c21b0a4f1fd62eae9a9af58f') in 0.016503 seconds 
  Import took 0.020155 seconds .

AssetImportWorkerClient::OnTransportError - code=2 error=End of file
